# JRE version: Java(TM) SE Runtime Environment (8.0_172-b11) (build 1.8.0_172-b11)
# Java VM: Java HotSpot(TM) 64-Bit Server VM (25.172-b11 mixed mode windows-amd64 compressed oops)
Heap:
 PSYoungGen      total 71680K, used 13583K [0x00000000d5f80000, 0x00000000daa80000, 0x0000000100000000)
  eden space 66560K, 12% used [0x00000000d5f80000,0x00000000d67c8860,0x00000000da080000)
  from space 5120K, 99% used [0x00000000da580000,0x00000000daa7b4d0,0x00000000daa80000)
  to   space 5120K, 0% used [0x00000000da080000,0x00000000da080000,0x00000000da580000)
 ParOldGen       total 84480K, used 36784K [0x0000000081e00000, 0x0000000087080000, 0x00000000d5f80000)
  object space 84480K, 43% used [0x0000000081e00000,0x00000000841ec3d0,0x0000000087080000)
 Metaspace       used 34315K, capacity 34972K, committed 35200K, reserved 1079296K
  class space    used 4213K, capacity 4405K, committed 4480K, reserved 1048576K
GC Heap History (10 events):
Event: 12.191 GC heap before
{Heap before GC invocations=7 (full 0):
 PSYoungGen      total 71680K, used 71648K [0x00000000d5f80000, 0x00000000daa80000, 0x0000000100000000)
  eden space 66560K, 100% used [0x00000000d5f80000,0x00000000da080000,0x00000000da080000)
  from space 5120K, 99% used [0x00000000da580000,0x00000000daa78020,0x00000000daa80000)
  to   space 5120K, 0% used [0x00000000da080000,0x00000000da080000,0x00000000da580000)
 ParOldGen       total 87552K, used 21073K [0x0000000081e00000, 0x0000000087380000, 0x00000000d5f80000)
  object space 87552K, 24% used [0x0000000081e00000,0x00000000832947b8,0x0000000087380000)
 Metaspace       used 19796K, capacity 20366K, committed 20480K, reserved 1067008K
  class space    used 2350K, capacity 2503K, committed 2560K, reserved 1048576K
Event: 12.229 GC heap after
Heap after GC invocations=7 (full 0):
 PSYoungGen      total 71680K, used 5120K [0x00000000d5f80000, 0x00000000daa80000, 0x0000000100000000)
  eden space 66560K, 0% used [0x00000000d5f80000,0x00000000d5f80000,0x00000000da080000)
  from space 5120K, 100% used [0x00000000da080000,0x00000000da580000,0x00000000da580000)
  to   space 5120K, 0% used [0x00000000da580000,0x00000000da580000,0x00000000daa80000)
 ParOldGen       total 87552K, used 27233K [0x0000000081e00000, 0x0000000087380000, 0x00000000d5f80000)
  object space 87552K, 31% used [0x0000000081e00000,0x0000000083898508,0x0000000087380000)
 Metaspace       used 19796K, capacity 20366K, committed 20480K, reserved 1067008K
  class space    used 2350K, capacity 2503K, committed 2560K, reserved 1048576K
}
Event: 12.553 GC heap before
{Heap before GC invocations=8 (full 0):
 PSYoungGen      total 71680K, used 17288K [0x00000000d5f80000, 0x00000000daa80000, 0x0000000100000000)
  eden space 66560K, 18% used [0x00000000d5f80000,0x00000000d6b62238,0x00000000da080000)
  from space 5120K, 100% used [0x00000000da080000,0x00000000da580000,0x00000000da580000)
  to   space 5120K, 0% used [0x00000000da580000,0x00000000da580000,0x00000000daa80000)
 ParOldGen       total 87552K, used 27233K [0x0000000081e00000, 0x0000000087380000, 0x00000000d5f80000)
  object space 87552K, 31% used [0x0000000081e00000,0x0000000083898508,0x0000000087380000)
 Metaspace       used 20556K, capacity 21140K, committed 21296K, reserved 1069056K
  class space    used 2459K, capacity 2632K, committed 2688K, reserved 1048576K
Event: 12.571 GC heap after
Heap after GC invocations=8 (full 0):
 PSYoungGen      total 71680K, used 3808K [0x00000000d5f80000, 0x00000000daa80000, 0x0000000100000000)
  eden space 66560K, 0% used [0x00000000d5f80000,0x00000000d5f80000,0x00000000da080000)
  from space 5120K, 74% used [0x00000000da580000,0x00000000da938000,0x00000000daa80000)
  to   space 5120K, 0% used [0x00000000da080000,0x00000000da080000,0x00000000da580000)
 ParOldGen       total 87552K, used 29605K [0x0000000081e00000, 0x0000000087380000, 0x00000000d5f80000)
  object space 87552K, 33% used [0x0000000081e00000,0x0000000083ae9538,0x0000000087380000)
 Metaspace       used 20556K, capacity 21140K, committed 21296K, reserved 1069056K
  class space    used 2459K, capacity 2632K, committed 2688K, reserved 1048576K
}
Event: 12.571 GC heap before
{Heap before GC invocations=9 (full 1):
 PSYoungGen      total 71680K, used 3808K [0x00000000d5f80000, 0x00000000daa80000, 0x0000000100000000)
  eden space 66560K, 0% used [0x00000000d5f80000,0x00000000d5f80000,0x00000000da080000)
  from space 5120K, 74% used [0x00000000da580000,0x00000000da938000,0x00000000daa80000)
  to   space 5120K, 0% used [0x00000000da080000,0x00000000da080000,0x00000000da580000)
 ParOldGen       total 87552K, used 29605K [0x0000000081e00000, 0x0000000087380000, 0x00000000d5f80000)
  object space 87552K, 33% used [0x0000000081e00000,0x0000000083ae9538,0x0000000087380000)
 Metaspace       used 20556K, capacity 21140K, committed 21296K, reserved 1069056K
  class space    used 2459K, capacity 2632K, committed 2688K, reserved 1048576K
Event: 12.841 GC heap after
Heap after GC invocations=9 (full 1):
 PSYoungGen      total 71680K, used 0K [0x00000000d5f80000, 0x00000000daa80000, 0x0000000100000000)
  eden space 66560K, 0% used [0x00000000d5f80000,0x00000000d5f80000,0x00000000da080000)
  from space 5120K, 0% used [0x00000000da580000,0x00000000da580000,0x00000000daa80000)
  to   space 5120K, 0% used [0x00000000da080000,0x00000000da080000,0x00000000da580000)
 ParOldGen       total 84480K, used 26342K [0x0000000081e00000, 0x0000000087080000, 0x00000000d5f80000)
  object space 84480K, 31% used [0x0000000081e00000,0x00000000837b9888,0x0000000087080000)
 Metaspace       used 20556K, capacity 21140K, committed 21296K, reserved 1069056K
  class space    used 2459K, capacity 2632K, committed 2688K, reserved 1048576K
}
Event: 15.226 GC heap before
{Heap before GC invocations=10 (full 1):
 PSYoungGen      total 71680K, used 66560K [0x00000000d5f80000, 0x00000000daa80000, 0x0000000100000000)
  eden space 66560K, 100% used [0x00000000d5f80000,0x00000000da080000,0x00000000da080000)
  from space 5120K, 0% used [0x00000000da580000,0x00000000da580000,0x00000000daa80000)
  to   space 5120K, 0% used [0x00000000da080000,0x00000000da080000,0x00000000da580000)
 ParOldGen       total 84480K, used 26342K [0x0000000081e00000, 0x0000000087080000, 0x00000000d5f80000)
  object space 84480K, 31% used [0x0000000081e00000,0x00000000837b9888,0x0000000087080000)
 Metaspace       used 28318K, capacity 28858K, committed 29056K, reserved 1075200K
  class space    used 3456K, capacity 3625K, committed 3712K, reserved 1048576K
Event: 15.235 GC heap after
Heap after GC invocations=10 (full 1):
 PSYoungGen      total 71680K, used 5119K [0x00000000d5f80000, 0x00000000daa80000, 0x0000000100000000)
  eden space 66560K, 0% used [0x00000000d5f80000,0x00000000d5f80000,0x00000000da080000)
  from space 5120K, 99% used [0x00000000da080000,0x00000000da57fe40,0x00000000da580000)
  to   space 5120K, 0% used [0x00000000da580000,0x00000000da580000,0x00000000daa80000)
 ParOldGen       total 84480K, used 31768K [0x0000000081e00000, 0x0000000087080000, 0x00000000d5f80000)
  object space 84480K, 37% used [0x0000000081e00000,0x0000000083d063a8,0x0000000087080000)
 Metaspace       used 28318K, capacity 28858K, committed 29056K, reserved 1075200K
  class space    used 3456K, capacity 3625K, committed 3712K, reserved 1048576K
}
Event: 16.353 GC heap before
{Heap before GC invocations=11 (full 1):
 PSYoungGen      total 71680K, used 71679K [0x00000000d5f80000, 0x00000000daa80000, 0x0000000100000000)
  eden space 66560K, 100% used [0x00000000d5f80000,0x00000000da080000,0x00000000da080000)
  from space 5120K, 99% used [0x00000000da080000,0x00000000da57fe40,0x00000000da580000)
  to   space 5120K, 0% used [0x00000000da580000,0x00000000da580000,0x00000000daa80000)
 ParOldGen       total 84480K, used 31768K [0x0000000081e00000, 0x0000000087080000, 0x00000000d5f80000)
  object space 84480K, 37% used [0x0000000081e00000,0x0000000083d063a8,0x0000000087080000)
 Metaspace       used 33971K, capacity 34684K, committed 34944K, reserved 1079296K
  class space    used 4166K, capacity 4373K, committed 4480K, reserved 1048576K
Event: 16.376 GC heap after
Heap after GC invocations=11 (full 1):
 PSYoungGen      total 71680K, used 5101K [0x00000000d5f80000, 0x00000000daa80000, 0x0000000100000000)
  eden space 66560K, 0% used [0x00000000d5f80000,0x00000000d5f80000,0x00000000da080000)
  from space 5120K, 99% used [0x00000000da580000,0x00000000daa7b4d0,0x00000000daa80000)
  to   space 5120K, 0% used [0x00000000da080000,0x00000000da080000,0x00000000da580000)
 ParOldGen       total 84480K, used 36784K [0x0000000081e00000, 0x0000000087080000, 0x00000000d5f80000)
  object space 84480K, 43% used [0x0000000081e00000,0x00000000841ec3d0,0x0000000087080000)
 Metaspace       used 33971K, capacity 34684K, committed 34944K, reserved 1079296K
  class space    used 4166K, capacity 4373K, committed 4480K, reserved 1048576K
}

